[2023-09-02T04:11:06.048+0000] {taskinstance.py:1159} INFO - Dependencies all met for dep_context=non-requeueable deps ti=<TaskInstance: dag_parser.transform scheduled__2023-09-01T04:00:00+00:00 [queued]>
[2023-09-02T04:11:06.062+0000] {taskinstance.py:1159} INFO - Dependencies all met for dep_context=requeueable deps ti=<TaskInstance: dag_parser.transform scheduled__2023-09-01T04:00:00+00:00 [queued]>
[2023-09-02T04:11:06.066+0000] {taskinstance.py:1361} INFO - Starting attempt 1 of 3
[2023-09-02T04:11:06.078+0000] {taskinstance.py:1382} INFO - Executing <Task(_PythonDecoratedOperator): transform> on 2023-09-01 04:00:00+00:00
[2023-09-02T04:11:06.119+0000] {standard_task_runner.py:57} INFO - Started process 132 to run task
[2023-09-02T04:11:06.126+0000] {standard_task_runner.py:84} INFO - Running: ['***', 'tasks', 'run', 'dag_parser', 'transform', 'scheduled__2023-09-01T04:00:00+00:00', '--job-id', '97', '--raw', '--subdir', 'DAGS_FOLDER/dag_parser.py', '--cfg-path', '/tmp/tmpvrp_opcw']
[2023-09-02T04:11:06.129+0000] {standard_task_runner.py:85} INFO - Job 97: Subtask transform
[2023-09-02T04:11:06.205+0000] {task_command.py:415} INFO - Running <TaskInstance: dag_parser.transform scheduled__2023-09-01T04:00:00+00:00 [running]> on host 157376fe3631
[2023-09-02T04:11:06.507+0000] {taskinstance.py:1660} INFO - Exporting env vars: AIRFLOW_CTX_DAG_OWNER='oleg' AIRFLOW_CTX_DAG_ID='dag_parser' AIRFLOW_CTX_TASK_ID='transform' AIRFLOW_CTX_EXECUTION_DATE='2023-09-01T04:00:00+00:00' AIRFLOW_CTX_TRY_NUMBER='1' AIRFLOW_CTX_DAG_RUN_ID='scheduled__2023-09-01T04:00:00+00:00'
[2023-09-02T04:11:06.732+0000] {base.py:73} INFO - Using connection ID 'postgres_con' for task execution.
[2023-09-02T04:11:06.753+0000] {warnings.py:109} WARNING - /home/***/.local/lib/python3.8/site-packages/***/providers/common/sql/hooks/sql.py:219: UserWarning: pandas only supports SQLAlchemy connectable (engine/connection) or database string URI or sqlite3 DBAPI2 connection. Other DBAPI2 objects are not tested. Please consider using SQLAlchemy.
  return psql.read_sql(sql, con=conn, params=parameters, **kwargs)

[2023-09-02T04:11:06.897+0000] {base.py:73} INFO - Using connection ID 'postgres_con' for task execution.
[2023-09-02T04:11:06.963+0000] {base.py:73} INFO - Using connection ID 'postgres_con' for task execution.
[2023-09-02T04:11:07.009+0000] {base.py:73} INFO - Using connection ID 'postgres_con' for task execution.
[2023-09-02T04:11:07.063+0000] {base.py:73} INFO - Using connection ID 'postgres_con' for task execution.
[2023-09-02T04:11:07.109+0000] {base.py:73} INFO - Using connection ID 'postgres_con' for task execution.
[2023-09-02T04:11:07.154+0000] {base.py:73} INFO - Using connection ID 'postgres_con' for task execution.
[2023-09-02T04:11:07.201+0000] {base.py:73} INFO - Using connection ID 'postgres_con' for task execution.
[2023-09-02T04:11:07.255+0000] {base.py:73} INFO - Using connection ID 'postgres_con' for task execution.
[2023-09-02T04:11:07.306+0000] {base.py:73} INFO - Using connection ID 'postgres_con' for task execution.
[2023-09-02T04:11:07.352+0000] {base.py:73} INFO - Using connection ID 'postgres_con' for task execution.
[2023-09-02T04:11:07.397+0000] {base.py:73} INFO - Using connection ID 'postgres_con' for task execution.
[2023-09-02T04:11:07.449+0000] {base.py:73} INFO - Using connection ID 'postgres_con' for task execution.
[2023-09-02T04:11:07.497+0000] {base.py:73} INFO - Using connection ID 'postgres_con' for task execution.
[2023-09-02T04:11:07.543+0000] {base.py:73} INFO - Using connection ID 'postgres_con' for task execution.
[2023-09-02T04:11:07.589+0000] {base.py:73} INFO - Using connection ID 'postgres_con' for task execution.
[2023-09-02T04:11:07.633+0000] {base.py:73} INFO - Using connection ID 'postgres_con' for task execution.
[2023-09-02T04:11:07.681+0000] {base.py:73} INFO - Using connection ID 'postgres_con' for task execution.
[2023-09-02T04:11:07.729+0000] {base.py:73} INFO - Using connection ID 'postgres_con' for task execution.
[2023-09-02T04:11:07.773+0000] {base.py:73} INFO - Using connection ID 'postgres_con' for task execution.
[2023-09-02T04:11:07.823+0000] {base.py:73} INFO - Using connection ID 'postgres_con' for task execution.
[2023-09-02T04:11:07.885+0000] {base.py:73} INFO - Using connection ID 'postgres_con' for task execution.
[2023-09-02T04:11:07.928+0000] {base.py:73} INFO - Using connection ID 'postgres_con' for task execution.
[2023-09-02T04:11:07.973+0000] {base.py:73} INFO - Using connection ID 'postgres_con' for task execution.
[2023-09-02T04:11:08.032+0000] {base.py:73} INFO - Using connection ID 'postgres_con' for task execution.
[2023-09-02T04:11:08.085+0000] {base.py:73} INFO - Using connection ID 'postgres_con' for task execution.
[2023-09-02T04:11:08.129+0000] {base.py:73} INFO - Using connection ID 'postgres_con' for task execution.
[2023-09-02T04:11:08.180+0000] {base.py:73} INFO - Using connection ID 'postgres_con' for task execution.
[2023-09-02T04:11:08.227+0000] {base.py:73} INFO - Using connection ID 'postgres_con' for task execution.
[2023-09-02T04:11:08.286+0000] {base.py:73} INFO - Using connection ID 'postgres_con' for task execution.
[2023-09-02T04:11:08.331+0000] {base.py:73} INFO - Using connection ID 'postgres_con' for task execution.
[2023-09-02T04:11:08.377+0000] {base.py:73} INFO - Using connection ID 'postgres_con' for task execution.
[2023-09-02T04:11:08.422+0000] {base.py:73} INFO - Using connection ID 'postgres_con' for task execution.
[2023-09-02T04:11:08.472+0000] {base.py:73} INFO - Using connection ID 'postgres_con' for task execution.
[2023-09-02T04:11:08.520+0000] {base.py:73} INFO - Using connection ID 'postgres_con' for task execution.
[2023-09-02T04:11:08.566+0000] {base.py:73} INFO - Using connection ID 'postgres_con' for task execution.
[2023-09-02T04:11:08.614+0000] {base.py:73} INFO - Using connection ID 'postgres_con' for task execution.
[2023-09-02T04:11:08.662+0000] {base.py:73} INFO - Using connection ID 'postgres_con' for task execution.
[2023-09-02T04:11:08.705+0000] {base.py:73} INFO - Using connection ID 'postgres_con' for task execution.
[2023-09-02T04:11:08.750+0000] {base.py:73} INFO - Using connection ID 'postgres_con' for task execution.
[2023-09-02T04:11:08.796+0000] {base.py:73} INFO - Using connection ID 'postgres_con' for task execution.
[2023-09-02T04:11:08.840+0000] {base.py:73} INFO - Using connection ID 'postgres_con' for task execution.
[2023-09-02T04:11:08.888+0000] {base.py:73} INFO - Using connection ID 'postgres_con' for task execution.
[2023-09-02T04:11:08.933+0000] {base.py:73} INFO - Using connection ID 'postgres_con' for task execution.
[2023-09-02T04:11:08.978+0000] {base.py:73} INFO - Using connection ID 'postgres_con' for task execution.
[2023-09-02T04:11:09.028+0000] {base.py:73} INFO - Using connection ID 'postgres_con' for task execution.
[2023-09-02T04:11:09.075+0000] {base.py:73} INFO - Using connection ID 'postgres_con' for task execution.
[2023-09-02T04:11:09.123+0000] {base.py:73} INFO - Using connection ID 'postgres_con' for task execution.
[2023-09-02T04:11:09.172+0000] {base.py:73} INFO - Using connection ID 'postgres_con' for task execution.
[2023-09-02T04:11:09.218+0000] {base.py:73} INFO - Using connection ID 'postgres_con' for task execution.
[2023-09-02T04:11:09.263+0000] {base.py:73} INFO - Using connection ID 'postgres_con' for task execution.
[2023-09-02T04:11:09.311+0000] {base.py:73} INFO - Using connection ID 'postgres_con' for task execution.
[2023-09-02T04:11:09.359+0000] {base.py:73} INFO - Using connection ID 'postgres_con' for task execution.
[2023-09-02T04:11:09.405+0000] {base.py:73} INFO - Using connection ID 'postgres_con' for task execution.
[2023-09-02T04:11:09.450+0000] {base.py:73} INFO - Using connection ID 'postgres_con' for task execution.
[2023-09-02T04:11:09.497+0000] {base.py:73} INFO - Using connection ID 'postgres_con' for task execution.
[2023-09-02T04:11:09.542+0000] {base.py:73} INFO - Using connection ID 'postgres_con' for task execution.
[2023-09-02T04:11:09.588+0000] {base.py:73} INFO - Using connection ID 'postgres_con' for task execution.
[2023-09-02T04:11:09.640+0000] {base.py:73} INFO - Using connection ID 'postgres_con' for task execution.
[2023-09-02T04:11:09.688+0000] {base.py:73} INFO - Using connection ID 'postgres_con' for task execution.
[2023-09-02T04:11:09.733+0000] {base.py:73} INFO - Using connection ID 'postgres_con' for task execution.
[2023-09-02T04:11:09.781+0000] {base.py:73} INFO - Using connection ID 'postgres_con' for task execution.
[2023-09-02T04:27:55.446+0000] {base.py:73} INFO - Using connection ID 'postgres_con' for task execution.
[2023-09-02T04:27:55.495+0000] {base.py:73} INFO - Using connection ID 'postgres_con' for task execution.
[2023-09-02T04:27:55.544+0000] {base.py:73} INFO - Using connection ID 'postgres_con' for task execution.
[2023-09-02T04:27:55.590+0000] {base.py:73} INFO - Using connection ID 'postgres_con' for task execution.
[2023-09-02T04:27:55.644+0000] {base.py:73} INFO - Using connection ID 'postgres_con' for task execution.
[2023-09-02T04:27:55.708+0000] {base.py:73} INFO - Using connection ID 'postgres_con' for task execution.
[2023-09-02T04:27:55.767+0000] {base.py:73} INFO - Using connection ID 'postgres_con' for task execution.
[2023-09-02T04:27:55.824+0000] {base.py:73} INFO - Using connection ID 'postgres_con' for task execution.
[2023-09-02T04:27:55.885+0000] {base.py:73} INFO - Using connection ID 'postgres_con' for task execution.
[2023-09-02T04:27:55.932+0000] {base.py:73} INFO - Using connection ID 'postgres_con' for task execution.
[2023-09-02T04:27:55.977+0000] {base.py:73} INFO - Using connection ID 'postgres_con' for task execution.
[2023-09-02T04:27:56.030+0000] {base.py:73} INFO - Using connection ID 'postgres_con' for task execution.
[2023-09-02T04:27:56.077+0000] {base.py:73} INFO - Using connection ID 'postgres_con' for task execution.
[2023-09-02T04:27:56.126+0000] {base.py:73} INFO - Using connection ID 'postgres_con' for task execution.
[2023-09-02T04:27:56.201+0000] {base.py:73} INFO - Using connection ID 'postgres_con' for task execution.
[2023-09-02T04:27:56.312+0000] {base.py:73} INFO - Using connection ID 'postgres_con' for task execution.
[2023-09-02T04:27:56.430+0000] {base.py:73} INFO - Using connection ID 'postgres_con' for task execution.
[2023-09-02T04:27:56.562+0000] {base.py:73} INFO - Using connection ID 'postgres_con' for task execution.
[2023-09-02T04:27:56.735+0000] {base.py:73} INFO - Using connection ID 'postgres_con' for task execution.
[2023-09-02T04:27:57.031+0000] {base.py:73} INFO - Using connection ID 'postgres_con' for task execution.
[2023-09-02T04:27:57.230+0000] {base.py:73} INFO - Using connection ID 'postgres_con' for task execution.
[2023-09-02T04:27:57.371+0000] {base.py:73} INFO - Using connection ID 'postgres_con' for task execution.
[2023-09-02T04:27:57.478+0000] {base.py:73} INFO - Using connection ID 'postgres_con' for task execution.
[2023-09-02T04:27:57.601+0000] {base.py:73} INFO - Using connection ID 'postgres_con' for task execution.
[2023-09-02T04:27:57.661+0000] {base.py:73} INFO - Using connection ID 'postgres_con' for task execution.
[2023-09-02T04:27:57.731+0000] {base.py:73} INFO - Using connection ID 'postgres_con' for task execution.
[2023-09-02T04:27:57.799+0000] {base.py:73} INFO - Using connection ID 'postgres_con' for task execution.
[2023-09-02T04:27:57.875+0000] {base.py:73} INFO - Using connection ID 'postgres_con' for task execution.
[2023-09-02T04:27:57.934+0000] {base.py:73} INFO - Using connection ID 'postgres_con' for task execution.
[2023-09-02T04:27:57.998+0000] {base.py:73} INFO - Using connection ID 'postgres_con' for task execution.
[2023-09-02T04:27:58.065+0000] {base.py:73} INFO - Using connection ID 'postgres_con' for task execution.
[2023-09-02T04:27:58.122+0000] {base.py:73} INFO - Using connection ID 'postgres_con' for task execution.
[2023-09-02T04:27:58.178+0000] {base.py:73} INFO - Using connection ID 'postgres_con' for task execution.
[2023-09-02T04:27:58.253+0000] {base.py:73} INFO - Using connection ID 'postgres_con' for task execution.
[2023-09-02T04:27:58.322+0000] {base.py:73} INFO - Using connection ID 'postgres_con' for task execution.
[2023-09-02T04:27:58.379+0000] {base.py:73} INFO - Using connection ID 'postgres_con' for task execution.
[2023-09-02T04:27:58.436+0000] {base.py:73} INFO - Using connection ID 'postgres_con' for task execution.
[2023-09-02T04:27:58.501+0000] {base.py:73} INFO - Using connection ID 'postgres_con' for task execution.
[2023-09-02T04:27:58.561+0000] {base.py:73} INFO - Using connection ID 'postgres_con' for task execution.
[2023-09-02T04:27:58.627+0000] {base.py:73} INFO - Using connection ID 'postgres_con' for task execution.
[2023-09-02T04:27:58.774+0000] {base.py:73} INFO - Using connection ID 'postgres_con' for task execution.
[2023-09-02T04:27:58.863+0000] {base.py:73} INFO - Using connection ID 'postgres_con' for task execution.
[2023-09-02T04:27:58.948+0000] {base.py:73} INFO - Using connection ID 'postgres_con' for task execution.
[2023-09-02T04:27:59.018+0000] {base.py:73} INFO - Using connection ID 'postgres_con' for task execution.
[2023-09-02T04:27:59.100+0000] {base.py:73} INFO - Using connection ID 'postgres_con' for task execution.
[2023-09-02T04:27:59.195+0000] {base.py:73} INFO - Using connection ID 'postgres_con' for task execution.
[2023-09-02T04:27:59.260+0000] {base.py:73} INFO - Using connection ID 'postgres_con' for task execution.
[2023-09-02T04:27:59.320+0000] {base.py:73} INFO - Using connection ID 'postgres_con' for task execution.
[2023-09-02T04:27:59.379+0000] {base.py:73} INFO - Using connection ID 'postgres_con' for task execution.
[2023-09-02T04:27:59.439+0000] {base.py:73} INFO - Using connection ID 'postgres_con' for task execution.
[2023-09-02T04:27:59.515+0000] {base.py:73} INFO - Using connection ID 'postgres_con' for task execution.
[2023-09-02T04:27:59.573+0000] {base.py:73} INFO - Using connection ID 'postgres_con' for task execution.
[2023-09-02T04:27:59.634+0000] {base.py:73} INFO - Using connection ID 'postgres_con' for task execution.
[2023-09-02T04:27:59.696+0000] {base.py:73} INFO - Using connection ID 'postgres_con' for task execution.
[2023-09-02T04:27:59.790+0000] {base.py:73} INFO - Using connection ID 'postgres_con' for task execution.
[2023-09-02T04:27:59.874+0000] {base.py:73} INFO - Using connection ID 'postgres_con' for task execution.
[2023-09-02T04:27:59.955+0000] {base.py:73} INFO - Using connection ID 'postgres_con' for task execution.
[2023-09-02T04:28:00.033+0000] {base.py:73} INFO - Using connection ID 'postgres_con' for task execution.
[2023-09-02T04:28:00.103+0000] {base.py:73} INFO - Using connection ID 'postgres_con' for task execution.
[2023-09-02T04:28:00.173+0000] {base.py:73} INFO - Using connection ID 'postgres_con' for task execution.
[2023-09-02T04:28:00.242+0000] {base.py:73} INFO - Using connection ID 'postgres_con' for task execution.
[2023-09-02T04:28:00.310+0000] {base.py:73} INFO - Using connection ID 'postgres_con' for task execution.
[2023-09-02T04:28:00.375+0000] {base.py:73} INFO - Using connection ID 'postgres_con' for task execution.
[2023-09-02T04:28:00.431+0000] {base.py:73} INFO - Using connection ID 'postgres_con' for task execution.
[2023-09-02T04:28:00.512+0000] {base.py:73} INFO - Using connection ID 'postgres_con' for task execution.
[2023-09-02T04:28:00.571+0000] {base.py:73} INFO - Using connection ID 'postgres_con' for task execution.
[2023-09-02T04:28:00.629+0000] {base.py:73} INFO - Using connection ID 'postgres_con' for task execution.
[2023-09-02T04:28:00.710+0000] {base.py:73} INFO - Using connection ID 'postgres_con' for task execution.
[2023-09-02T04:28:00.793+0000] {base.py:73} INFO - Using connection ID 'postgres_con' for task execution.
[2023-09-02T04:28:00.892+0000] {base.py:73} INFO - Using connection ID 'postgres_con' for task execution.
[2023-09-02T04:28:01.022+0000] {base.py:73} INFO - Using connection ID 'postgres_con' for task execution.
[2023-09-02T04:28:01.148+0000] {base.py:73} INFO - Using connection ID 'postgres_con' for task execution.
[2023-09-02T04:28:01.250+0000] {base.py:73} INFO - Using connection ID 'postgres_con' for task execution.
[2023-09-02T04:28:01.331+0000] {base.py:73} INFO - Using connection ID 'postgres_con' for task execution.
[2023-09-02T04:28:01.405+0000] {base.py:73} INFO - Using connection ID 'postgres_con' for task execution.
[2023-09-02T04:28:01.472+0000] {base.py:73} INFO - Using connection ID 'postgres_con' for task execution.
[2023-09-02T04:28:01.544+0000] {base.py:73} INFO - Using connection ID 'postgres_con' for task execution.
[2023-09-02T04:28:01.603+0000] {base.py:73} INFO - Using connection ID 'postgres_con' for task execution.
[2023-09-02T04:28:01.664+0000] {base.py:73} INFO - Using connection ID 'postgres_con' for task execution.
[2023-09-02T04:28:01.719+0000] {base.py:73} INFO - Using connection ID 'postgres_con' for task execution.
[2023-09-02T04:28:01.774+0000] {base.py:73} INFO - Using connection ID 'postgres_con' for task execution.
[2023-09-02T04:28:01.834+0000] {base.py:73} INFO - Using connection ID 'postgres_con' for task execution.
[2023-09-02T04:28:01.910+0000] {base.py:73} INFO - Using connection ID 'postgres_con' for task execution.
[2023-09-02T04:28:02.015+0000] {base.py:73} INFO - Using connection ID 'postgres_con' for task execution.
[2023-09-02T04:28:02.076+0000] {base.py:73} INFO - Using connection ID 'postgres_con' for task execution.
[2023-09-02T04:28:02.136+0000] {base.py:73} INFO - Using connection ID 'postgres_con' for task execution.
[2023-09-02T04:28:02.195+0000] {base.py:73} INFO - Using connection ID 'postgres_con' for task execution.
[2023-09-02T04:28:02.246+0000] {base.py:73} INFO - Using connection ID 'postgres_con' for task execution.
[2023-09-02T04:28:02.299+0000] {base.py:73} INFO - Using connection ID 'postgres_con' for task execution.
[2023-09-02T04:28:02.357+0000] {base.py:73} INFO - Using connection ID 'postgres_con' for task execution.
[2023-09-02T04:28:02.411+0000] {base.py:73} INFO - Using connection ID 'postgres_con' for task execution.
[2023-09-02T04:28:02.468+0000] {base.py:73} INFO - Using connection ID 'postgres_con' for task execution.
[2023-09-02T04:28:02.578+0000] {base.py:73} INFO - Using connection ID 'postgres_con' for task execution.
[2023-09-02T04:28:02.693+0000] {base.py:73} INFO - Using connection ID 'postgres_con' for task execution.
[2023-09-02T04:28:02.772+0000] {base.py:73} INFO - Using connection ID 'postgres_con' for task execution.
[2023-09-02T04:28:02.836+0000] {base.py:73} INFO - Using connection ID 'postgres_con' for task execution.
[2023-09-02T04:28:02.923+0000] {base.py:73} INFO - Using connection ID 'postgres_con' for task execution.
[2023-09-02T04:28:02.987+0000] {base.py:73} INFO - Using connection ID 'postgres_con' for task execution.
[2023-09-02T04:28:03.060+0000] {base.py:73} INFO - Using connection ID 'postgres_con' for task execution.
[2023-09-02T04:28:03.135+0000] {base.py:73} INFO - Using connection ID 'postgres_con' for task execution.
[2023-09-02T04:28:03.194+0000] {base.py:73} INFO - Using connection ID 'postgres_con' for task execution.
[2023-09-02T04:28:03.260+0000] {base.py:73} INFO - Using connection ID 'postgres_con' for task execution.
[2023-09-02T04:28:03.333+0000] {base.py:73} INFO - Using connection ID 'postgres_con' for task execution.
[2023-09-02T04:28:03.412+0000] {base.py:73} INFO - Using connection ID 'postgres_con' for task execution.
[2023-09-02T04:28:03.488+0000] {base.py:73} INFO - Using connection ID 'postgres_con' for task execution.
[2023-09-02T04:28:03.598+0000] {base.py:73} INFO - Using connection ID 'postgres_con' for task execution.
[2023-09-02T04:28:03.677+0000] {base.py:73} INFO - Using connection ID 'postgres_con' for task execution.
[2023-09-02T04:28:03.743+0000] {base.py:73} INFO - Using connection ID 'postgres_con' for task execution.
[2023-09-02T04:28:03.813+0000] {base.py:73} INFO - Using connection ID 'postgres_con' for task execution.
[2023-09-02T04:28:03.882+0000] {base.py:73} INFO - Using connection ID 'postgres_con' for task execution.
[2023-09-02T04:28:03.951+0000] {base.py:73} INFO - Using connection ID 'postgres_con' for task execution.
[2023-09-02T04:28:04.041+0000] {base.py:73} INFO - Using connection ID 'postgres_con' for task execution.
[2023-09-02T04:28:04.106+0000] {base.py:73} INFO - Using connection ID 'postgres_con' for task execution.
[2023-09-02T04:28:04.183+0000] {base.py:73} INFO - Using connection ID 'postgres_con' for task execution.
[2023-09-02T04:28:04.248+0000] {base.py:73} INFO - Using connection ID 'postgres_con' for task execution.
[2023-09-02T04:28:04.332+0000] {base.py:73} INFO - Using connection ID 'postgres_con' for task execution.
[2023-09-02T04:28:04.401+0000] {base.py:73} INFO - Using connection ID 'postgres_con' for task execution.
[2023-09-02T04:28:04.460+0000] {base.py:73} INFO - Using connection ID 'postgres_con' for task execution.
[2023-09-02T04:28:04.521+0000] {base.py:73} INFO - Using connection ID 'postgres_con' for task execution.
[2023-09-02T04:28:04.579+0000] {base.py:73} INFO - Using connection ID 'postgres_con' for task execution.
[2023-09-02T04:28:04.638+0000] {base.py:73} INFO - Using connection ID 'postgres_con' for task execution.
[2023-09-02T04:28:04.694+0000] {base.py:73} INFO - Using connection ID 'postgres_con' for task execution.
[2023-09-02T04:28:04.750+0000] {base.py:73} INFO - Using connection ID 'postgres_con' for task execution.
[2023-09-02T04:28:04.809+0000] {base.py:73} INFO - Using connection ID 'postgres_con' for task execution.
[2023-09-02T04:28:04.867+0000] {base.py:73} INFO - Using connection ID 'postgres_con' for task execution.
[2023-09-02T04:28:04.924+0000] {base.py:73} INFO - Using connection ID 'postgres_con' for task execution.
[2023-09-02T04:28:04.991+0000] {base.py:73} INFO - Using connection ID 'postgres_con' for task execution.
[2023-09-02T04:28:05.065+0000] {base.py:73} INFO - Using connection ID 'postgres_con' for task execution.
[2023-09-02T04:28:05.135+0000] {base.py:73} INFO - Using connection ID 'postgres_con' for task execution.
[2023-09-02T04:28:05.188+0000] {base.py:73} INFO - Using connection ID 'postgres_con' for task execution.
[2023-09-02T04:28:05.241+0000] {base.py:73} INFO - Using connection ID 'postgres_con' for task execution.
[2023-09-02T04:28:05.296+0000] {base.py:73} INFO - Using connection ID 'postgres_con' for task execution.
[2023-09-02T04:28:05.355+0000] {base.py:73} INFO - Using connection ID 'postgres_con' for task execution.
[2023-09-02T04:28:05.410+0000] {base.py:73} INFO - Using connection ID 'postgres_con' for task execution.
[2023-09-02T04:28:05.468+0000] {base.py:73} INFO - Using connection ID 'postgres_con' for task execution.
[2023-09-02T04:28:05.522+0000] {base.py:73} INFO - Using connection ID 'postgres_con' for task execution.
[2023-09-02T04:28:05.577+0000] {base.py:73} INFO - Using connection ID 'postgres_con' for task execution.
[2023-09-02T04:28:05.635+0000] {base.py:73} INFO - Using connection ID 'postgres_con' for task execution.
[2023-09-02T04:28:05.704+0000] {base.py:73} INFO - Using connection ID 'postgres_con' for task execution.
[2023-09-02T04:28:05.765+0000] {base.py:73} INFO - Using connection ID 'postgres_con' for task execution.
[2023-09-02T04:28:05.824+0000] {base.py:73} INFO - Using connection ID 'postgres_con' for task execution.
[2023-09-02T04:28:05.880+0000] {base.py:73} INFO - Using connection ID 'postgres_con' for task execution.
[2023-09-02T04:28:05.935+0000] {base.py:73} INFO - Using connection ID 'postgres_con' for task execution.
[2023-09-02T04:28:05.990+0000] {base.py:73} INFO - Using connection ID 'postgres_con' for task execution.
[2023-09-02T04:28:06.046+0000] {base.py:73} INFO - Using connection ID 'postgres_con' for task execution.
[2023-09-02T04:28:06.106+0000] {base.py:73} INFO - Using connection ID 'postgres_con' for task execution.
[2023-09-02T04:28:06.172+0000] {base.py:73} INFO - Using connection ID 'postgres_con' for task execution.
[2023-09-02T04:28:06.231+0000] {base.py:73} INFO - Using connection ID 'postgres_con' for task execution.
[2023-09-02T04:28:06.287+0000] {base.py:73} INFO - Using connection ID 'postgres_con' for task execution.
[2023-09-02T04:28:06.351+0000] {base.py:73} INFO - Using connection ID 'postgres_con' for task execution.
[2023-09-02T04:28:06.407+0000] {base.py:73} INFO - Using connection ID 'postgres_con' for task execution.
[2023-09-02T04:28:06.466+0000] {base.py:73} INFO - Using connection ID 'postgres_con' for task execution.
[2023-09-02T04:28:06.526+0000] {base.py:73} INFO - Using connection ID 'postgres_con' for task execution.
[2023-09-02T04:28:06.586+0000] {base.py:73} INFO - Using connection ID 'postgres_con' for task execution.
[2023-09-02T04:28:06.644+0000] {base.py:73} INFO - Using connection ID 'postgres_con' for task execution.
[2023-09-02T04:28:06.724+0000] {base.py:73} INFO - Using connection ID 'postgres_con' for task execution.
[2023-09-02T04:28:06.782+0000] {base.py:73} INFO - Using connection ID 'postgres_con' for task execution.
[2023-09-02T04:28:06.847+0000] {base.py:73} INFO - Using connection ID 'postgres_con' for task execution.
[2023-09-02T04:28:06.917+0000] {base.py:73} INFO - Using connection ID 'postgres_con' for task execution.
[2023-09-02T04:28:06.977+0000] {base.py:73} INFO - Using connection ID 'postgres_con' for task execution.
[2023-09-02T04:28:07.045+0000] {base.py:73} INFO - Using connection ID 'postgres_con' for task execution.
[2023-09-02T04:28:07.068+0000] {local_task_job_runner.py:294} WARNING - State of this instance has been externally set to up_for_retry. Terminating instance.
[2023-09-02T04:28:07.079+0000] {process_utils.py:131} INFO - Sending 15 to group 132. PIDs of all processes in the group: [132]
[2023-09-02T04:28:07.080+0000] {process_utils.py:86} INFO - Sending the signal 15 to group 132
[2023-09-02T04:28:07.102+0000] {taskinstance.py:1632} ERROR - Received SIGTERM. Terminating subprocesses.
[2023-09-02T04:28:07.105+0000] {taskinstance.py:1943} ERROR - Task failed with exception
Traceback (most recent call last):
  File "/home/airflow/.local/lib/python3.8/site-packages/pandas/io/sql.py", line 2202, in execute
    cur.execute(sql, *args)
  File "/usr/local/lib/python3.8/encodings/utf_8.py", line 15, in decode
    def decode(input, errors='strict'):
  File "/home/airflow/.local/lib/python3.8/site-packages/airflow/models/taskinstance.py", line 1634, in signal_handler
    raise AirflowException("Task received SIGTERM signal")
airflow.exceptions.AirflowException: Task received SIGTERM signal

The above exception was the direct cause of the following exception:

Traceback (most recent call last):
  File "/home/airflow/.local/lib/python3.8/site-packages/airflow/decorators/base.py", line 221, in execute
    return_value = super().execute(context)
  File "/home/airflow/.local/lib/python3.8/site-packages/airflow/operators/python.py", line 192, in execute
    return_value = self.execute_callable()
  File "/home/airflow/.local/lib/python3.8/site-packages/airflow/operators/python.py", line 209, in execute_callable
    return self.python_callable(*self.op_args, **self.op_kwargs)
  File "/opt/airflow/dags/dag_parser.py", line 360, in transform
    jobs['drop'] = jobs['id'].apply(test_include)
  File "/home/airflow/.local/lib/python3.8/site-packages/pandas/core/series.py", line 4630, in apply
    return SeriesApply(self, func, convert_dtype, args, kwargs).apply()
  File "/home/airflow/.local/lib/python3.8/site-packages/pandas/core/apply.py", line 1025, in apply
    return self.apply_standard()
  File "/home/airflow/.local/lib/python3.8/site-packages/pandas/core/apply.py", line 1076, in apply_standard
    mapped = lib.map_infer(
  File "pandas/_libs/lib.pyx", line 2834, in pandas._libs.lib.map_infer
  File "/opt/airflow/dags/dag_parser.py", line 75, in test_include
    df = hook.get_pandas_df(sql="select distinct id_vac from vacancies;")
  File "/home/airflow/.local/lib/python3.8/site-packages/airflow/providers/common/sql/hooks/sql.py", line 219, in get_pandas_df
    return psql.read_sql(sql, con=conn, params=parameters, **kwargs)
  File "/home/airflow/.local/lib/python3.8/site-packages/pandas/io/sql.py", line 635, in read_sql
    return pandas_sql.read_query(
  File "/home/airflow/.local/lib/python3.8/site-packages/pandas/io/sql.py", line 2266, in read_query
    cursor = self.execute(sql, params)
  File "/home/airflow/.local/lib/python3.8/site-packages/pandas/io/sql.py", line 2214, in execute
    raise ex from exc
pandas.errors.DatabaseError: Execution failed on sql 'select distinct id_vac from vacancies;': Task received SIGTERM signal
[2023-09-02T04:28:07.135+0000] {taskinstance.py:1400} INFO - Marking task as UP_FOR_RETRY. dag_id=dag_parser, task_id=transform, execution_date=20230901T040000, start_date=20230902T041106, end_date=20230902T042807
[2023-09-02T04:28:07.151+0000] {standard_task_runner.py:104} ERROR - Failed to execute job 97 for task transform (Execution failed on sql 'select distinct id_vac from vacancies;': Task received SIGTERM signal; 132)
[2023-09-02T04:28:07.214+0000] {process_utils.py:79} INFO - Process psutil.Process(pid=132, status='terminated', exitcode=1, started='04:11:05') (132) terminated with exit code 1
